# JRE version: Java(TM) SE Runtime Environment (8.0_60-b27) (build 1.8.0_60-b27)
# Java VM: Java HotSpot(TM) 64-Bit Server VM (25.60-b23 mixed mode windows-amd64 compressed oops)
Heap:
 PSYoungGen      total 54784K, used 15136K [0x00000000d5f00000, 0x00000000db180000, 0x0000000100000000)
  eden space 27136K, 0% used [0x00000000d5f00000,0x00000000d5f00000,0x00000000d7980000)
  from space 27648K, 54% used [0x00000000d9680000,0x00000000da548000,0x00000000db180000)
  to   space 28672K, 0% used [0x00000000d7980000,0x00000000d7980000,0x00000000d9580000)
 ParOldGen       total 87552K, used 75763K [0x0000000081c00000, 0x0000000087180000, 0x00000000d5f00000)
  object space 87552K, 86% used [0x0000000081c00000,0x00000000865fccb8,0x0000000087180000)
 Metaspace       used 10983K, capacity 11204K, committed 11392K, reserved 1058816K
  class space    used 1236K, capacity 1322K, committed 1408K, reserved 1048576K
GC Heap History (10 events):
Event: 16.068 GC heap after
Heap after GC invocations=6 (full 0):
 PSYoungGen      total 48640K, used 15161K [0x00000000d5f00000, 0x00000000d9f80000, 0x0000000100000000)
  eden space 32256K, 0% used [0x00000000d5f00000,0x00000000d5f00000,0x00000000d7e80000)
  from space 16384K, 92% used [0x00000000d8f00000,0x00000000d9dce4e0,0x00000000d9f00000)
  to   space 16896K, 0% used [0x00000000d7e80000,0x00000000d7e80000,0x00000000d8f00000)
 ParOldGen       total 87552K, used 43153K [0x0000000081c00000, 0x0000000087180000, 0x00000000d5f00000)
  object space 87552K, 49% used [0x0000000081c00000,0x0000000084624410,0x0000000087180000)
 Metaspace       used 10939K, capacity 11092K, committed 11392K, reserved 1058816K
  class space    used 1228K, capacity 1284K, committed 1408K, reserved 1048576K
}
Event: 20.822 GC heap before
{Heap before GC invocations=7 (full 0):
 PSYoungGen      total 48640K, used 47417K [0x00000000d5f00000, 0x00000000d9f80000, 0x0000000100000000)
  eden space 32256K, 100% used [0x00000000d5f00000,0x00000000d7e80000,0x00000000d7e80000)
  from space 16384K, 92% used [0x00000000d8f00000,0x00000000d9dce4e0,0x00000000d9f00000)
  to   space 16896K, 0% used [0x00000000d7e80000,0x00000000d7e80000,0x00000000d8f00000)
 ParOldGen       total 87552K, used 43153K [0x0000000081c00000, 0x0000000087180000, 0x00000000d5f00000)
  object space 87552K, 49% used [0x0000000081c00000,0x0000000084624410,0x0000000087180000)
 Metaspace       used 10958K, capacity 11102K, committed 11392K, reserved 1058816K
  class space    used 1230K, capacity 1287K, committed 1408K, reserved 1048576K
Event: 20.855 GC heap after
Heap after GC invocations=7 (full 0):
 PSYoungGen      total 48640K, used 16893K [0x00000000d5f00000, 0x00000000da800000, 0x0000000100000000)
  eden space 31744K, 0% used [0x00000000d5f00000,0x00000000d5f00000,0x00000000d7e00000)
  from space 16896K, 99% used [0x00000000d7e80000,0x00000000d8eff6b0,0x00000000d8f00000)
  to   space 21504K, 0% used [0x00000000d9300000,0x00000000d9300000,0x00000000da800000)
 ParOldGen       total 87552K, used 49902K [0x0000000081c00000, 0x0000000087180000, 0x00000000d5f00000)
  object space 87552K, 56% used [0x0000000081c00000,0x0000000084cbbac8,0x0000000087180000)
 Metaspace       used 10958K, capacity 11102K, committed 11392K, reserved 1058816K
  class space    used 1230K, capacity 1287K, committed 1408K, reserved 1048576K
}
Event: 3166.219 GC heap before
{Heap before GC invocations=8 (full 0):
 PSYoungGen      total 48640K, used 48637K [0x00000000d5f00000, 0x00000000da800000, 0x0000000100000000)
  eden space 31744K, 100% used [0x00000000d5f00000,0x00000000d7e00000,0x00000000d7e00000)
  from space 16896K, 99% used [0x00000000d7e80000,0x00000000d8eff6b0,0x00000000d8f00000)
  to   space 21504K, 0% used [0x00000000d9300000,0x00000000d9300000,0x00000000da800000)
 ParOldGen       total 87552K, used 49902K [0x0000000081c00000, 0x0000000087180000, 0x00000000d5f00000)
  object space 87552K, 56% used [0x0000000081c00000,0x0000000084cbbac8,0x0000000087180000)
 Metaspace       used 10958K, capacity 11102K, committed 11392K, reserved 1058816K
  class space    used 1230K, capacity 1287K, committed 1408K, reserved 1048576K
Event: 3166.262 GC heap after
Heap after GC invocations=8 (full 0):
 PSYoungGen      total 49664K, used 21500K [0x00000000d5f00000, 0x00000000dae80000, 0x0000000100000000)
  eden space 28160K, 0% used [0x00000000d5f00000,0x00000000d5f00000,0x00000000d7a80000)
  from space 21504K, 99% used [0x00000000d9300000,0x00000000da7ff1f0,0x00000000da800000)
  to   space 25088K, 0% used [0x00000000d7a80000,0x00000000d7a80000,0x00000000d9300000)
 ParOldGen       total 87552K, used 54110K [0x0000000081c00000, 0x0000000087180000, 0x00000000d5f00000)
  object space 87552K, 61% used [0x0000000081c00000,0x00000000850d7ac8,0x0000000087180000)
 Metaspace       used 10958K, capacity 11102K, committed 11392K, reserved 1058816K
  class space    used 1230K, capacity 1287K, committed 1408K, reserved 1048576K
}
Event: 3171.165 GC heap before
{Heap before GC invocations=9 (full 0):
 PSYoungGen      total 49664K, used 49660K [0x00000000d5f00000, 0x00000000dae80000, 0x0000000100000000)
  eden space 28160K, 100% used [0x00000000d5f00000,0x00000000d7a80000,0x00000000d7a80000)
  from space 21504K, 99% used [0x00000000d9300000,0x00000000da7ff1f0,0x00000000da800000)
  to   space 25088K, 0% used [0x00000000d7a80000,0x00000000d7a80000,0x00000000d9300000)
 ParOldGen       total 87552K, used 54110K [0x0000000081c00000, 0x0000000087180000, 0x00000000d5f00000)
  object space 87552K, 61% used [0x0000000081c00000,0x00000000850d7ac8,0x0000000087180000)
 Metaspace       used 10983K, capacity 11204K, committed 11392K, reserved 1058816K
  class space    used 1236K, capacity 1322K, committed 1408K, reserved 1048576K
Event: 3171.193 GC heap after
Heap after GC invocations=9 (full 0):
 PSYoungGen      total 52736K, used 25084K [0x00000000d5f00000, 0x00000000db300000, 0x0000000100000000)
  eden space 27648K, 0% used [0x00000000d5f00000,0x00000000d5f00000,0x00000000d7a00000)
  from space 25088K, 99% used [0x00000000d7a80000,0x00000000d92ff1f0,0x00000000d9300000)
  to   space 29184K, 0% used [0x00000000d9680000,0x00000000d9680000,0x00000000db300000)
 ParOldGen       total 87552K, used 58182K [0x0000000081c00000, 0x0000000087180000, 0x00000000d5f00000)
  object space 87552K, 66% used [0x0000000081c00000,0x00000000854d1ac8,0x0000000087180000)
 Metaspace       used 10983K, capacity 11204K, committed 11392K, reserved 1058816K
  class space    used 1236K, capacity 1322K, committed 1408K, reserved 1048576K
}
Event: 3173.724 GC heap before
{Heap before GC invocations=10 (full 0):
 PSYoungGen      total 52736K, used 52732K [0x00000000d5f00000, 0x00000000db300000, 0x0000000100000000)
  eden space 27648K, 100% used [0x00000000d5f00000,0x00000000d7a00000,0x00000000d7a00000)
  from space 25088K, 99% used [0x00000000d7a80000,0x00000000d92ff1f0,0x00000000d9300000)
  to   space 29184K, 0% used [0x00000000d9680000,0x00000000d9680000,0x00000000db300000)
 ParOldGen       total 87552K, used 58182K [0x0000000081c00000, 0x0000000087180000, 0x00000000d5f00000)
  object space 87552K, 66% used [0x0000000081c00000,0x00000000854d1ac8,0x0000000087180000)
 Metaspace       used 10983K, capacity 11204K, committed 11392K, reserved 1058816K
  class space    used 1236K, capacity 1322K, committed 1408K, reserved 1048576K
Event: 3173.776 GC heap after
Heap after GC invocations=10 (full 0):
 PSYoungGen      total 54784K, used 15136K [0x00000000d5f00000, 0x00000000db180000, 0x0000000100000000)
  eden space 27136K, 0% used [0x00000000d5f00000,0x00000000d5f00000,0x00000000d7980000)
  from space 27648K, 54% used [0x00000000d9680000,0x00000000da548000,0x00000000db180000)
  to   space 28672K, 0% used [0x00000000d7980000,0x00000000d7980000,0x00000000d9580000)
 ParOldGen       total 87552K, used 75763K [0x0000000081c00000, 0x0000000087180000, 0x00000000d5f00000)
  object space 87552K, 86% used [0x0000000081c00000,0x00000000865fccb8,0x0000000087180000)
 Metaspace       used 10983K, capacity 11204K, committed 11392K, reserved 1058816K
  class space    used 1236K, capacity 1322K, committed 1408K, reserved 1048576K
}
Event: 3173.776 GC heap before
{Heap before GC invocations=11 (full 1):
 PSYoungGen      total 54784K, used 15136K [0x00000000d5f00000, 0x00000000db180000, 0x0000000100000000)
  eden space 27136K, 0% used [0x00000000d5f00000,0x00000000d5f00000,0x00000000d7980000)
  from space 27648K, 54% used [0x00000000d9680000,0x00000000da548000,0x00000000db180000)
  to   space 28672K, 0% used [0x00000000d7980000,0x00000000d7980000,0x00000000d9580000)
 ParOldGen       total 87552K, used 75763K [0x0000000081c00000, 0x0000000087180000, 0x00000000d5f00000)
  object space 87552K, 86% used [0x0000000081c00000,0x00000000865fccb8,0x0000000087180000)
 Metaspace       used 10983K, capacity 11204K, committed 11392K, reserved 1058816K
  class space    used 1236K, capacity 1322K, committed 1408K, reserved 1048576K

